{
  "RSpec": {
    "coverage": {
      "/Users/mgiraldo/Documents/Development/IPC/Ruby/rubyboard/lib/test.rb": [
        1
      ],
      "/Users/mgiraldo/Documents/Development/IPC/Ruby/rubyboard/controllers/IndexController.rb": [
        1,
        1,
        1,
        1,
        1,
        1,
        null,
        1,
        null,
        1,
        null,
        1,
        null,
        1,
        null,
        1,
        1,
        1,
        null,
        0,
        null,
        null,
        null,
        1,
        1,
        1,
        1
      ],
      "/Users/mgiraldo/Documents/Development/IPC/Ruby/rubyboard/controllers/ApplicationController.rb": [
        null,
        1,
        null,
        null,
        1,
        null,
        null,
        1
      ],
      "/Users/mgiraldo/Documents/Development/IPC/Ruby/rubyboard/lib/BoardManager.rb": [
        1,
        1,
        null,
        1,
        null,
        1,
        null,
        1,
        22,
        22,
        22,
        22,
        22,
        18,
        18,
        18,
        18,
        null,
        null,
        null,
        1,
        6,
        6,
        3,
        null,
        null,
        1,
        41,
        41,
        40,
        40,
        40,
        null,
        null,
        1,
        7,
        7,
        7,
        7,
        6,
        6,
        6,
        null,
        6,
        1,
        null,
        1,
        null,
        null,
        1,
        3,
        null,
        null,
        1,
        3,
        3,
        null,
        null,
        1,
        6,
        6,
        25,
        13,
        13,
        10,
        10,
        45,
        25,
        25,
        25,
        25,
        85,
        12,
        12,
        12,
        12,
        12,
        12,
        null,
        null,
        null,
        null,
        null,
        null,
        3,
        null,
        null,
        1,
        9,
        9,
        45,
        27,
        27,
        18,
        18,
        90,
        54,
        54,
        54,
        54,
        189,
        27,
        27,
        27,
        null,
        null,
        null,
        null,
        null,
        null,
        9,
        null,
        null,
        1,
        483,
        null,
        null,
        1,
        2,
        2,
        2,
        2,
        null,
        null,
        null,
        1,
        5,
        5,
        5,
        5,
        4,
        3,
        3,
        3,
        null,
        3,
        0,
        null,
        0
      ],
      "/Users/mgiraldo/Documents/Development/IPC/Ruby/rubyboard/lib/AppLogger.rb": [
        1,
        null,
        1,
        null,
        1,
        null,
        1,
        108,
        108,
        null,
        null,
        1,
        0,
        0,
        null,
        null,
        1,
        1,
        1,
        null,
        null,
        1,
        0,
        0,
        null,
        null,
        1,
        109,
        109,
        109,
        null,
        null,
        null,
        1,
        109
      ],
      "/Users/mgiraldo/Documents/Development/IPC/Ruby/rubyboard/lib/BoardTask.rb": [
        1,
        null,
        1,
        null,
        1,
        null,
        1,
        12,
        12,
        12,
        12,
        12,
        12,
        null,
        null,
        1,
        6
      ],
      "/Users/mgiraldo/Documents/Development/IPC/Ruby/rubyboard/controllers/ApiController.rb": [
        1,
        1,
        1,
        1,
        1,
        1,
        null,
        1,
        null,
        1,
        null,
        1,
        null,
        1,
        null,
        1,
        4,
        4,
        null,
        0,
        null,
        null,
        null,
        1,
        1,
        1,
        1,
        null,
        null,
        1,
        1,
        1,
        1,
        null,
        null,
        null,
        1,
        2,
        2,
        2,
        2,
        2,
        2,
        2
      ],
      "/Users/mgiraldo/Documents/Development/IPC/Ruby/rubyboard/views/index.erb": [
        1,
        1,
        1,
        1,
        1,
        1,
        1,
        1,
        1,
        1,
        1,
        1,
        1,
        1,
        1,
        1,
        1,
        1,
        1,
        1,
        1,
        1,
        1,
        1,
        1,
        1,
        1,
        1,
        1,
        1,
        1,
        1,
        1,
        1,
        1,
        1,
        1,
        1,
        1,
        1,
        1,
        1,
        1,
        1,
        1,
        1,
        1,
        1,
        1,
        1,
        1,
        1,
        1,
        1,
        1,
        1,
        1,
        1,
        1,
        1,
        1,
        1,
        1,
        1,
        1,
        1,
        1,
        1,
        1,
        1,
        1,
        1,
        1,
        1,
        1,
        1,
        1,
        1,
        1,
        1,
        1,
        1,
        1,
        1,
        1,
        1,
        1,
        1,
        1,
        1,
        1,
        1,
        1,
        1,
        1,
        1,
        1,
        1,
        1,
        1,
        1,
        1,
        1,
        1,
        3,
        2,
        2,
        8,
        6,
        6,
        8,
        2,
        2,
        2,
        2,
        2,
        8,
        6,
        8,
        2,
        3,
        1,
        1,
        1,
        1,
        1,
        1,
        1,
        1,
        1,
        1,
        1,
        1,
        1,
        1,
        1,
        1,
        1,
        1,
        1,
        1,
        1,
        1,
        1,
        1,
        1,
        1,
        1,
        1,
        1,
        1,
        1,
        1,
        1,
        1,
        1,
        1,
        1,
        1,
        1,
        1,
        1,
        1,
        1,
        1,
        1,
        1,
        1,
        1,
        1,
        1,
        1,
        1,
        1,
        1,
        1,
        1,
        1,
        1,
        1,
        1,
        1,
        1,
        1,
        1,
        1,
        1,
        1,
        1,
        1,
        1,
        1,
        1,
        1,
        1,
        1,
        1,
        1,
        1,
        1,
        1,
        1,
        1,
        1,
        1,
        1,
        1,
        1,
        1,
        1,
        1,
        1,
        1,
        1,
        1,
        1,
        1,
        1,
        1,
        1,
        1,
        1,
        1,
        1,
        1,
        1,
        1,
        1,
        1,
        1,
        1,
        1,
        1,
        1,
        1,
        null,
        null,
        1
      ]
    },
    "timestamp": 1471546516
  }
}
